ERROR 2025-12-20 16:25:19,288 basehttp 17644 20232 You're accessing the development server over HTTPS, but it only supports HTTP.
ERROR 2025-12-20 16:25:19,291 basehttp 17644 16000 You're accessing the development server over HTTPS, but it only supports HTTP.
ERROR 2025-12-20 16:25:21,548 basehttp 17644 11344 You're accessing the development server over HTTPS, but it only supports HTTP.
ERROR 2025-12-20 16:25:21,549 basehttp 17644 18880 You're accessing the development server over HTTPS, but it only supports HTTP.
ERROR 2025-12-20 16:25:21,553 basehttp 17644 6556 You're accessing the development server over HTTPS, but it only supports HTTP.
ERROR 2025-12-20 16:25:21,553 basehttp 17644 17560 You're accessing the development server over HTTPS, but it only supports HTTP.
ERROR 2025-12-20 16:25:21,556 basehttp 17644 5664 You're accessing the development server over HTTPS, but it only supports HTTP.
ERROR 2025-12-20 16:25:21,556 basehttp 17644 21532 You're accessing the development server over HTTPS, but it only supports HTTP.
ERROR 2025-12-20 16:25:22,028 basehttp 17644 5112 You're accessing the development server over HTTPS, but it only supports HTTP.
ERROR 2025-12-20 16:25:22,029 basehttp 17644 16232 You're accessing the development server over HTTPS, but it only supports HTTP.
ERROR 2025-12-20 16:25:22,033 basehttp 17644 21320 You're accessing the development server over HTTPS, but it only supports HTTP.
ERROR 2025-12-20 16:25:22,033 basehttp 17644 16536 You're accessing the development server over HTTPS, but it only supports HTTP.
ERROR 2025-12-20 16:25:22,035 basehttp 17644 6640 You're accessing the development server over HTTPS, but it only supports HTTP.
ERROR 2025-12-20 16:25:22,036 basehttp 17644 7368 You're accessing the development server over HTTPS, but it only supports HTTP.
ERROR 2025-12-20 16:25:22,259 basehttp 17644 10732 You're accessing the development server over HTTPS, but it only supports HTTP.
ERROR 2025-12-20 16:25:22,261 basehttp 17644 1672 You're accessing the development server over HTTPS, but it only supports HTTP.
ERROR 2025-12-20 16:25:22,264 basehttp 17644 22156 You're accessing the development server over HTTPS, but it only supports HTTP.
ERROR 2025-12-20 16:25:22,264 basehttp 17644 18764 You're accessing the development server over HTTPS, but it only supports HTTP.
ERROR 2025-12-20 16:25:22,265 basehttp 17644 21760 You're accessing the development server over HTTPS, but it only supports HTTP.
ERROR 2025-12-20 16:25:22,265 basehttp 17644 17456 You're accessing the development server over HTTPS, but it only supports HTTP.
ERROR 2025-12-20 16:25:22,600 basehttp 17644 21772 You're accessing the development server over HTTPS, but it only supports HTTP.
ERROR 2025-12-20 16:25:22,602 basehttp 17644 20036 You're accessing the development server over HTTPS, but it only supports HTTP.
ERROR 2025-12-20 16:25:22,604 basehttp 17644 17176 You're accessing the development server over HTTPS, but it only supports HTTP.
ERROR 2025-12-20 16:25:22,605 basehttp 17644 4712 You're accessing the development server over HTTPS, but it only supports HTTP.
ERROR 2025-12-20 16:25:22,606 basehttp 17644 15512 You're accessing the development server over HTTPS, but it only supports HTTP.
ERROR 2025-12-20 16:25:22,606 basehttp 17644 7220 You're accessing the development server over HTTPS, but it only supports HTTP.
ERROR 2025-12-20 16:25:28,563 basehttp 17644 1340 You're accessing the development server over HTTPS, but it only supports HTTP.
ERROR 2025-12-20 16:25:28,565 basehttp 17644 5372 You're accessing the development server over HTTPS, but it only supports HTTP.
ERROR 2025-12-20 16:25:29,895 basehttp 17644 16124 You're accessing the development server over HTTPS, but it only supports HTTP.
ERROR 2025-12-20 16:25:29,896 basehttp 17644 14904 You're accessing the development server over HTTPS, but it only supports HTTP.
ERROR 2025-12-20 16:25:29,896 basehttp 17644 20364 You're accessing the development server over HTTPS, but it only supports HTTP.
ERROR 2025-12-20 16:25:29,897 basehttp 17644 18224 You're accessing the development server over HTTPS, but it only supports HTTP.
ERROR 2025-12-20 16:25:43,193 basehttp 17644 15552 You're accessing the development server over HTTPS, but it only supports HTTP.
ERROR 2025-12-20 16:25:43,194 basehttp 17644 7328 You're accessing the development server over HTTPS, but it only supports HTTP.
ERROR 2025-12-20 16:25:45,010 basehttp 17644 7948 You're accessing the development server over HTTPS, but it only supports HTTP.
ERROR 2025-12-20 16:25:45,012 basehttp 17644 12720 You're accessing the development server over HTTPS, but it only supports HTTP.
ERROR 2026-02-23 16:57:52,427 log 2448 7276 Internal Server Error: /
Traceback (most recent call last):
  File "C:\Users\satya\Desktop\SANJU\LMS_001\venv\lib\site-packages\django\core\handlers\exception.py", line 55, in inner
    response = get_response(request)
  File "C:\Users\satya\Desktop\SANJU\LMS_001\venv\lib\site-packages\django\core\handlers\base.py", line 197, in _get_response
    response = wrapped_callback(request, *callback_args, **callback_kwargs)
  File "C:\Users\satya\Desktop\SANJU\LMS_001\portal\views.py", line 56, in home
    return render(request, 'portal/home.html', context)
  File "C:\Users\satya\Desktop\SANJU\LMS_001\venv\lib\site-packages\django\shortcuts.py", line 24, in render
    content = loader.render_to_string(template_name, context, request, using=using)
  File "C:\Users\satya\Desktop\SANJU\LMS_001\venv\lib\site-packages\django\template\loader.py", line 62, in render_to_string
    return template.render(context, request)
  File "C:\Users\satya\Desktop\SANJU\LMS_001\venv\lib\site-packages\django\template\backends\django.py", line 61, in render
    return self.template.render(context)
  File "C:\Users\satya\Desktop\SANJU\LMS_001\venv\lib\site-packages\django\template\base.py", line 175, in render
    return self._render(context)
  File "C:\Users\satya\Desktop\SANJU\LMS_001\venv\lib\site-packages\django\template\base.py", line 167, in _render
    return self.nodelist.render(context)
  File "C:\Users\satya\Desktop\SANJU\LMS_001\venv\lib\site-packages\django\template\base.py", line 1005, in render
    return SafeString("".join([node.render_annotated(context) for node in self]))
  File "C:\Users\satya\Desktop\SANJU\LMS_001\venv\lib\site-packages\django\template\base.py", line 1005, in <listcomp>
    return SafeString("".join([node.render_annotated(context) for node in self]))
  File "C:\Users\satya\Desktop\SANJU\LMS_001\venv\lib\site-packages\django\template\base.py", line 966, in render_annotated
    return self.render(context)
  File "C:\Users\satya\Desktop\SANJU\LMS_001\venv\lib\site-packages\django\template\loader_tags.py", line 157, in render
    return compiled_parent._render(context)
  File "C:\Users\satya\Desktop\SANJU\LMS_001\venv\lib\site-packages\django\template\base.py", line 167, in _render
    return self.nodelist.render(context)
  File "C:\Users\satya\Desktop\SANJU\LMS_001\venv\lib\site-packages\django\template\base.py", line 1005, in render
    return SafeString("".join([node.render_annotated(context) for node in self]))
  File "C:\Users\satya\Desktop\SANJU\LMS_001\venv\lib\site-packages\django\template\base.py", line 1005, in <listcomp>
    return SafeString("".join([node.render_annotated(context) for node in self]))
  File "C:\Users\satya\Desktop\SANJU\LMS_001\venv\lib\site-packages\django\template\base.py", line 966, in render_annotated
    return self.render(context)
  File "C:\Users\satya\Desktop\SANJU\LMS_001\venv\lib\site-packages\django\template\defaulttags.py", line 471, in render
    url = reverse(view_name, args=args, kwargs=kwargs, current_app=current_app)
  File "C:\Users\satya\Desktop\SANJU\LMS_001\venv\lib\site-packages\django\urls\base.py", line 88, in reverse
    return resolver._reverse_with_prefix(view, prefix, *args, **kwargs)
  File "C:\Users\satya\Desktop\SANJU\LMS_001\venv\lib\site-packages\django\urls\resolvers.py", line 828, in _reverse_with_prefix
    raise NoReverseMatch(msg)
django.urls.exceptions.NoReverseMatch: Reverse for 'all_search' not found. 'all_search' is not a valid view function or pattern name.
ERROR 2026-02-23 16:57:52,448 basehttp 2448 7276 "GET / HTTP/1.1" 500 162118
ERROR 2026-02-24 10:00:44,838 log 11048 4372 Internal Server Error: /books/95/
Traceback (most recent call last):
  File "C:\Users\satya\Desktop\SANJU\LMS_001\venv\lib\site-packages\django\db\models\fields\__init__.py", line 2053, in get_prep_value
    return int(value)
TypeError: int() argument must be a string, a bytes-like object or a real number, not 'SimpleLazyObject'

The above exception was the direct cause of the following exception:

Traceback (most recent call last):
  File "C:\Users\satya\Desktop\SANJU\LMS_001\venv\lib\site-packages\django\core\handlers\exception.py", line 55, in inner
    response = get_response(request)
  File "C:\Users\satya\Desktop\SANJU\LMS_001\venv\lib\site-packages\django\core\handlers\base.py", line 197, in _get_response
    response = wrapped_callback(request, *callback_args, **callback_kwargs)
  File "C:\Users\satya\Desktop\SANJU\LMS_001\portal\views.py", line 139, in book_detail
    pending_request = BookRequest.objects.filter(user=request.user, book=book, status='PENDING').exists()
  File "C:\Users\satya\Desktop\SANJU\LMS_001\venv\lib\site-packages\django\db\models\manager.py", line 87, in manager_method
    return getattr(self.get_queryset(), name)(*args, **kwargs)
  File "C:\Users\satya\Desktop\SANJU\LMS_001\venv\lib\site-packages\django\db\models\query.py", line 1436, in filter
    return self._filter_or_exclude(False, args, kwargs)
  File "C:\Users\satya\Desktop\SANJU\LMS_001\venv\lib\site-packages\django\db\models\query.py", line 1454, in _filter_or_exclude
    clone._filter_or_exclude_inplace(negate, args, kwargs)
  File "C:\Users\satya\Desktop\SANJU\LMS_001\venv\lib\site-packages\django\db\models\query.py", line 1461, in _filter_or_exclude_inplace
    self._query.add_q(Q(*args, **kwargs))
  File "C:\Users\satya\Desktop\SANJU\LMS_001\venv\lib\site-packages\django\db\models\sql\query.py", line 1545, in add_q
    clause, _ = self._add_q(q_object, self.used_aliases)
  File "C:\Users\satya\Desktop\SANJU\LMS_001\venv\lib\site-packages\django\db\models\sql\query.py", line 1576, in _add_q
    child_clause, needed_inner = self.build_filter(
  File "C:\Users\satya\Desktop\SANJU\LMS_001\venv\lib\site-packages\django\db\models\sql\query.py", line 1491, in build_filter
    condition = self.build_lookup(lookups, col, value)
  File "C:\Users\satya\Desktop\SANJU\LMS_001\venv\lib\site-packages\django\db\models\sql\query.py", line 1318, in build_lookup
    lookup = lookup_class(lhs, rhs)
  File "C:\Users\satya\Desktop\SANJU\LMS_001\venv\lib\site-packages\django\db\models\lookups.py", line 27, in __init__
    self.rhs = self.get_prep_lookup()
  File "C:\Users\satya\Desktop\SANJU\LMS_001\venv\lib\site-packages\django\db\models\fields\related_lookups.py", line 166, in get_prep_lookup
    self.rhs = target_field.get_prep_value(self.rhs)
  File "C:\Users\satya\Desktop\SANJU\LMS_001\venv\lib\site-packages\django\db\models\fields\__init__.py", line 2055, in get_prep_value
    raise e.__class__(
TypeError: Field 'id' expected a number but got <SimpleLazyObject: <django.contrib.auth.models.AnonymousUser object at 0x000001E93BA36410>>.
ERROR 2026-02-24 10:00:44,854 basehttp 11048 4372 "GET /books/95/ HTTP/1.1" 500 126175
ERROR 2026-02-24 10:01:16,262 log 11048 6272 Internal Server Error: /books/95/
Traceback (most recent call last):
  File "C:\Users\satya\Desktop\SANJU\LMS_001\venv\lib\site-packages\django\db\models\fields\__init__.py", line 2053, in get_prep_value
    return int(value)
TypeError: int() argument must be a string, a bytes-like object or a real number, not 'SimpleLazyObject'

The above exception was the direct cause of the following exception:

Traceback (most recent call last):
  File "C:\Users\satya\Desktop\SANJU\LMS_001\venv\lib\site-packages\django\core\handlers\exception.py", line 55, in inner
    response = get_response(request)
  File "C:\Users\satya\Desktop\SANJU\LMS_001\venv\lib\site-packages\django\core\handlers\base.py", line 197, in _get_response
    response = wrapped_callback(request, *callback_args, **callback_kwargs)
  File "C:\Users\satya\Desktop\SANJU\LMS_001\portal\views.py", line 139, in book_detail
    pending_request = BookRequest.objects.filter(user=request.user, book=book, status='PENDING').exists()
  File "C:\Users\satya\Desktop\SANJU\LMS_001\venv\lib\site-packages\django\db\models\manager.py", line 87, in manager_method
    return getattr(self.get_queryset(), name)(*args, **kwargs)
  File "C:\Users\satya\Desktop\SANJU\LMS_001\venv\lib\site-packages\django\db\models\query.py", line 1436, in filter
    return self._filter_or_exclude(False, args, kwargs)
  File "C:\Users\satya\Desktop\SANJU\LMS_001\venv\lib\site-packages\django\db\models\query.py", line 1454, in _filter_or_exclude
    clone._filter_or_exclude_inplace(negate, args, kwargs)
  File "C:\Users\satya\Desktop\SANJU\LMS_001\venv\lib\site-packages\django\db\models\query.py", line 1461, in _filter_or_exclude_inplace
    self._query.add_q(Q(*args, **kwargs))
  File "C:\Users\satya\Desktop\SANJU\LMS_001\venv\lib\site-packages\django\db\models\sql\query.py", line 1545, in add_q
    clause, _ = self._add_q(q_object, self.used_aliases)
  File "C:\Users\satya\Desktop\SANJU\LMS_001\venv\lib\site-packages\django\db\models\sql\query.py", line 1576, in _add_q
    child_clause, needed_inner = self.build_filter(
  File "C:\Users\satya\Desktop\SANJU\LMS_001\venv\lib\site-packages\django\db\models\sql\query.py", line 1491, in build_filter
    condition = self.build_lookup(lookups, col, value)
  File "C:\Users\satya\Desktop\SANJU\LMS_001\venv\lib\site-packages\django\db\models\sql\query.py", line 1318, in build_lookup
    lookup = lookup_class(lhs, rhs)
  File "C:\Users\satya\Desktop\SANJU\LMS_001\venv\lib\site-packages\django\db\models\lookups.py", line 27, in __init__
    self.rhs = self.get_prep_lookup()
  File "C:\Users\satya\Desktop\SANJU\LMS_001\venv\lib\site-packages\django\db\models\fields\related_lookups.py", line 166, in get_prep_lookup
    self.rhs = target_field.get_prep_value(self.rhs)
  File "C:\Users\satya\Desktop\SANJU\LMS_001\venv\lib\site-packages\django\db\models\fields\__init__.py", line 2055, in get_prep_value
    raise e.__class__(
TypeError: Field 'id' expected a number but got <SimpleLazyObject: <django.contrib.auth.models.AnonymousUser object at 0x000001E93B8E6260>>.
ERROR 2026-02-24 10:01:16,264 basehttp 11048 6272 "GET /books/95/ HTTP/1.1" 500 126175
ERROR 2026-02-24 10:01:30,366 log 11048 4760 Internal Server Error: /books/95/
Traceback (most recent call last):
  File "C:\Users\satya\Desktop\SANJU\LMS_001\venv\lib\site-packages\django\db\models\fields\__init__.py", line 2053, in get_prep_value
    return int(value)
TypeError: int() argument must be a string, a bytes-like object or a real number, not 'SimpleLazyObject'

The above exception was the direct cause of the following exception:

Traceback (most recent call last):
  File "C:\Users\satya\Desktop\SANJU\LMS_001\venv\lib\site-packages\django\core\handlers\exception.py", line 55, in inner
    response = get_response(request)
  File "C:\Users\satya\Desktop\SANJU\LMS_001\venv\lib\site-packages\django\core\handlers\base.py", line 197, in _get_response
    response = wrapped_callback(request, *callback_args, **callback_kwargs)
  File "C:\Users\satya\Desktop\SANJU\LMS_001\portal\views.py", line 139, in book_detail
    pending_request = BookRequest.objects.filter(user=request.user, book=book, status='PENDING').exists()
  File "C:\Users\satya\Desktop\SANJU\LMS_001\venv\lib\site-packages\django\db\models\manager.py", line 87, in manager_method
    return getattr(self.get_queryset(), name)(*args, **kwargs)
  File "C:\Users\satya\Desktop\SANJU\LMS_001\venv\lib\site-packages\django\db\models\query.py", line 1436, in filter
    return self._filter_or_exclude(False, args, kwargs)
  File "C:\Users\satya\Desktop\SANJU\LMS_001\venv\lib\site-packages\django\db\models\query.py", line 1454, in _filter_or_exclude
    clone._filter_or_exclude_inplace(negate, args, kwargs)
  File "C:\Users\satya\Desktop\SANJU\LMS_001\venv\lib\site-packages\django\db\models\query.py", line 1461, in _filter_or_exclude_inplace
    self._query.add_q(Q(*args, **kwargs))
  File "C:\Users\satya\Desktop\SANJU\LMS_001\venv\lib\site-packages\django\db\models\sql\query.py", line 1545, in add_q
    clause, _ = self._add_q(q_object, self.used_aliases)
  File "C:\Users\satya\Desktop\SANJU\LMS_001\venv\lib\site-packages\django\db\models\sql\query.py", line 1576, in _add_q
    child_clause, needed_inner = self.build_filter(
  File "C:\Users\satya\Desktop\SANJU\LMS_001\venv\lib\site-packages\django\db\models\sql\query.py", line 1491, in build_filter
    condition = self.build_lookup(lookups, col, value)
  File "C:\Users\satya\Desktop\SANJU\LMS_001\venv\lib\site-packages\django\db\models\sql\query.py", line 1318, in build_lookup
    lookup = lookup_class(lhs, rhs)
  File "C:\Users\satya\Desktop\SANJU\LMS_001\venv\lib\site-packages\django\db\models\lookups.py", line 27, in __init__
    self.rhs = self.get_prep_lookup()
  File "C:\Users\satya\Desktop\SANJU\LMS_001\venv\lib\site-packages\django\db\models\fields\related_lookups.py", line 166, in get_prep_lookup
    self.rhs = target_field.get_prep_value(self.rhs)
  File "C:\Users\satya\Desktop\SANJU\LMS_001\venv\lib\site-packages\django\db\models\fields\__init__.py", line 2055, in get_prep_value
    raise e.__class__(
TypeError: Field 'id' expected a number but got <SimpleLazyObject: <django.contrib.auth.models.AnonymousUser object at 0x000001E93B757940>>.
ERROR 2026-02-24 10:01:30,370 basehttp 11048 4760 "GET /books/95/ HTTP/1.1" 500 126175
